e:\literal zoo\babi\code\virtualzoo\virtualzoo\debug\vc140.pdb
e:\literal zoo\babi\code\virtualzoo\virtualzoo\debug\vc140.idb
e:\literal zoo\babi\code\virtualzoo\virtualzoo\debug\airanimal.obj
e:\literal zoo\babi\code\virtualzoo\virtualzoo\debug\animal.obj
e:\literal zoo\babi\code\virtualzoo\virtualzoo\debug\cell.obj
e:\literal zoo\babi\code\virtualzoo\virtualzoo\debug\facility.obj
e:\literal zoo\babi\code\virtualzoo\virtualzoo\debug\habitat.obj
e:\literal zoo\babi\code\virtualzoo\virtualzoo\debug\landanimal.obj
e:\literal zoo\babi\code\virtualzoo\virtualzoo\debug\virtualzoo.obj
e:\literal zoo\babi\code\virtualzoo\virtualzoo\debug\wateranimal.obj
e:\literal zoo\babi\code\virtualzoo\virtualzoo\debug\driver.obj
e:\literal zoo\babi\code\virtualzoo\virtualzoo\debug\zoo.obj
e:\literal zoo\babi\code\virtualzoo\virtualzoo\debug\gui.obj
e:\literal zoo\babi\code\virtualzoo\virtualzoo\debug\cage.obj
e:\literal zoo\babi\code\virtualzoo\virtualzoo\debug\air_animal.obj
e:\literal zoo\babi\code\virtualzoo\virtualzoo\debug\land_animal.obj
e:\literal zoo\babi\code\virtualzoo\virtualzoo\debug\water_animal.obj
e:\literal zoo\babi\code\virtualzoo\debug\virtualzoo.ilk
e:\literal zoo\babi\code\virtualzoo\debug\virtualzoo.exe
e:\literal zoo\babi\code\virtualzoo\debug\virtualzoo.pdb
e:\literal zoo\babi\code\virtualzoo\virtualzoo\debug\virtualzoo.tlog\cl.command.1.tlog
e:\literal zoo\babi\code\virtualzoo\virtualzoo\debug\virtualzoo.tlog\cl.read.1.tlog
e:\literal zoo\babi\code\virtualzoo\virtualzoo\debug\virtualzoo.tlog\cl.write.1.tlog
e:\literal zoo\babi\code\virtualzoo\virtualzoo\debug\virtualzoo.tlog\link.command.1.tlog
e:\literal zoo\babi\code\virtualzoo\virtualzoo\debug\virtualzoo.tlog\link.read.1.tlog
e:\literal zoo\babi\code\virtualzoo\virtualzoo\debug\virtualzoo.tlog\link.write.1.tlog
